<?xml version="1.0" encoding="UTF-8"?>
<!-- Generated by org.testng.reporters.JUnitReportReporter -->
<testsuite hostname="Sarvesh" failures="0" tests="2" name="org.example.AddToCart" time="64.511" errors="0" timestamp="24 Jun 2023 23:12:57 GMT" skipped="0">
  <testcase classname="org.example.AddToCart" name="test1" time="29.325"/>
  <testcase classname="org.example.AddToCart" name="test1" time="35.186"/>
</testsuite> <!-- org.example.AddToCart -->
