<?xml version="1.0" encoding="UTF-8"?>
<!-- Generated by org.testng.reporters.JUnitReportReporter -->
<testsuite hostname="Sarvesh" failures="0" tests="2" name="org.example.RegisterUser" time="81.904" errors="0" timestamp="24 Jun 2023 23:12:57 GMT" skipped="0">
  <testcase classname="org.example.RegisterUser" name="test1" time="35.128"/>
  <testcase classname="org.example.RegisterUser" name="test1" time="46.776"/>
</testsuite> <!-- org.example.RegisterUser -->
