<?xml version="1.0" encoding="UTF-8"?>
<!-- Generated by org.testng.reporters.JUnitReportReporter -->
<testsuite hostname="Sarvesh" failures="0" tests="2" name="org.example.Review" time="39.166" errors="0" timestamp="24 Jun 2023 23:12:57 GMT" skipped="0">
  <testcase classname="org.example.Review" name="test1" time="16.911"/>
  <testcase classname="org.example.Review" name="test1" time="22.255"/>
</testsuite> <!-- org.example.Review -->
