<?xml version="1.0" encoding="UTF-8"?>
<!-- Generated by org.testng.reporters.JUnitReportReporter -->
<testsuite hostname="Sarvesh" failures="0" tests="2" name="org.example.Search" time="134.860" errors="0" timestamp="24 Jun 2023 23:12:57 GMT" skipped="0">
  <testcase classname="org.example.Search" name="test1" time="67.165"/>
  <testcase classname="org.example.Search" name="test1" time="67.695"/>
</testsuite> <!-- org.example.Search -->
