<?xml version="1.0" encoding="UTF-8"?>
<!-- Generated by org.testng.reporters.JUnitReportReporter -->
<testsuite hostname="Sarvesh" failures="0" tests="2" name="org.example.LoginValid" time="47.976" errors="0" timestamp="24 Jun 2023 23:12:57 GMT" skipped="0">
  <testcase classname="org.example.LoginValid" name="test1" time="26.863"/>
  <testcase classname="org.example.LoginValid" name="test1" time="21.113"/>
</testsuite> <!-- org.example.LoginValid -->
