<?xml version="1.0" encoding="UTF-8"?>
<!-- Generated by org.testng.reporters.JUnitReportReporter -->
<testsuite hostname="Sarvesh" failures="0" tests="2" name="org.example.LoginInvalid" time="28.441" errors="0" timestamp="24 Jun 2023 23:12:57 GMT" skipped="0">
  <testcase classname="org.example.LoginInvalid" name="test1" time="14.378"/>
  <testcase classname="org.example.LoginInvalid" name="test1" time="14.063"/>
</testsuite> <!-- org.example.LoginInvalid -->
